<?xml version="1.0" encoding="UTF-8"?>
<!-- Generated by org.testng.reporters.JUnitReportReporter -->
<testsuite hostname="INFOLAP3" failures="0" tests="10" name="usersCreation.SampleTest" time="370.922" errors="0" timestamp="2024-08-28T10:15:26 IST" skipped="0">
  <testcase classname="usersCreation.SampleTest" name="launchAndLoginToApp" time="24.439"/>
  <testcase classname="usersCreation.SampleTest" name="Adduser" time="57.288"/>
  <testcase classname="usersCreation.SampleTest" name="addUsersToDepartments" time="56.022"/>
  <testcase classname="usersCreation.SampleTest" name="verifyUserCreation" time="13.101"/>
  <testcase classname="usersCreation.SampleTest" name="setupLoginPwd" time="57.346"/>
  <testcase classname="usersCreation.SampleTest" name="setupLoginPwd" time="57.456"/>
  <testcase classname="usersCreation.SampleTest" name="setupLoginPwd" time="37.357"/>
  <testcase classname="usersCreation.SampleTest" name="loginFinalStatus" time="22.377"/>
  <testcase classname="usersCreation.SampleTest" name="loginFinalStatus" time="23.347"/>
  <testcase classname="usersCreation.SampleTest" name="loginFinalStatus" time="22.189"/>
</testsuite> <!-- usersCreation.SampleTest -->
